

 SAP2000 v26.3.0 Ultimate 64-bit (Analysis Build 9993/64)
 File: C:\Users\pedro\OneDrive...vil\Entrega_4\excel_codigos\vigas_est·ticas.LOG




 B E G I N   A N A L Y S I S                                2026/05/24  19:27:40


 RUNNING ANALYSIS WITHIN THE GUI PROCESS
 USING THE ADVANCED SOLVER (PROVIDES LIMITED INSTABILITY INFORMATION)

 NUMBER OF JOINTS                          =           5
    WITH RESTRAINTS                        =           5
 NUMBER OF FRAME/CABLE/TENDON ELEMENTS     =           4
 NUMBER OF LOAD PATTERNS                   =           2
 NUMBER OF ACCELERATION LOADS              =          12
 NUMBER OF LOAD CASES                      =           2
 NUMBER OF MASS SOURCES                    =           1

 UNITS (FORCE, LENGTH, TEMPERATURE, TIME)  = tonf, m, ∞C, sec
 GRAVITATIONAL ACCELERATION                =    9.806650

 ADDRESSABLE PHYSICAL MEMORY (RAM)         =      15.192 GB

 PARALLELIZATION OF ANALYSIS OPERATIONS:
  (Env. variable SAPFIRE_NUM_THREADS not set)
 NUMBER OF THREADS: STATE (AUTOMATIC)      =           8
 NUMBER OF THREADS: STIFFNESS (AUTOMATIC)  =           8
 NUMBER OF THREADS: EVENT (AUTOMATIC)      =           8
 NUMBER OF THREADS: MOVE (AUTOMATIC)       =           8
 NUMBER OF THREADS: RESPONSE (AUTOMATIC)   =           8
 NUMBER OF THREADS: SOLVE (AUTOMATIC)      =           8
 NUMBER OF THREADS: FORM (AUTOMATIC)       =           8


 E L E M E N T   F O R M A T I O N                                      19:27:40



 L I N E A R   E Q U A T I O N   S O L U T I O N                        19:27:40

 FORMING STIFFNESS AT ZERO (UNSTRESSED) INITIAL CONDITIONS

 TOTAL NUMBER OF EQUILIBRIUM EQUATIONS     =           6
 NUMBER OF NON-ZERO STIFFNESS TERMS        =          12

 ---------------------------------
 BASIC STABILITY CHECK FOR LINEAR LOAD CASES:
    NUMBER OF NEGATIVE STIFFNESS EIGENVALUES SHOULD BE ZERO FOR STABILITY.
    (NOTE: FURTHER CHECKS SHOULD BE CONSIDERED AS DEEMED NECESSARY,
     SUCH AS REVIEWING EIGEN MODES FOR MECHANISMS AND RIGID-BODY MOTION)

    NUMBER OF NEGATIVE EIGENVALUES         =           0,  OK.
 ---------------------------------


 L I N E A R   S T A T I C   C A S E S                                  19:27:40

 USING STIFFNESS AT ZERO (UNSTRESSED) INITIAL CONDITIONS

 TOTAL NUMBER OF CASES TO SOLVE            =           2
 NUMBER OF CASES TO SOLVE PER BLOCK        =           2

 LINEAR STATIC CASES TO BE SOLVED:

 CASE: DEAD
 CASE: SC


 A N A L Y S I S   C O M P L E T E                          2026/05/24  19:27:40
