

 ETABS Ultimate 64-bit 23.2.0 Build 4400 (Analysis Build 10002/64)
 File: C:\Users\pedro\OneDrive...oyecto Civil\Proyecto_civil\modelo\Modelo_1.LOG




 B E G I N   A N A L Y S I S                                2026/05/07  20:37:11


 RUNNING ANALYSIS AS A SEPARATE PROCESS
 USING THE ADVANCED SOLVER (PROVIDES LIMITED INSTABILITY INFORMATION)

 NUMBER OF JOINTS                          =       18057
    WITH RESTRAINTS                        =          86
    WITH MASS                              =        1727
 NUMBER OF FRAME/TENDON ELEMENTS           =       25861
 NUMBER OF SHELL ELEMENTS                  =       16191
 NUMBER OF CONSTRAINTS/WELDS               =          86
 NUMBER OF LOAD PATTERNS                   =           3
 NUMBER OF ACCELERATION LOADS              =          12
 NUMBER OF LOAD CASES                      =           7
 NUMBER OF MASS SOURCES                    =           1

 UNITS (FORCE, LENGTH, TEMPERATURE, TIME)  = lb, in, °F, sec
 GRAVITATIONAL ACCELERATION                =  386.088583

 ADDRESSABLE PHYSICAL MEMORY (RAM)         =      15.192 GB

 PARALLELIZATION OF ANALYSIS OPERATIONS:
  (Env. variable SAPFIRE_NUM_THREADS not set)
 NUMBER OF THREADS: STATE (AUTOMATIC)      =           8
 NUMBER OF THREADS: STIFFNESS (AUTOMATIC)  =           8
 NUMBER OF THREADS: EVENT (AUTOMATIC)      =           8
 NUMBER OF THREADS: MOVE (AUTOMATIC)       =           8
 NUMBER OF THREADS: RESPONSE (AUTOMATIC)   =           8
 NUMBER OF THREADS: SOLVE (AUTOMATIC)      =           8
 NUMBER OF THREADS: FORM (AUTOMATIC)       =           8


 E L E M E N T   F O R M A T I O N                                      20:37:11


 NUMBER OF COUPLED CONSTRAINT EQUATIONS    =         348
 REDUCTION OF CONSTRAINTS AND RESTRAINTS:
 NUMBER OF
   CONSTRAINT MASTER DOF BEFORE REDUCTION  =         273
   COUPLED CONSTRAINT/RESTRAINT MASTER DOF =          87
   CONSTRAINT MASTER DOF AFTER REDUCTION   =         186


 L I N E A R   E Q U A T I O N   S O L U T I O N                        20:37:15

 FORMING STIFFNESS AT ZERO (UNSTRESSED) INITIAL CONDITIONS

 TOTAL NUMBER OF EQUILIBRIUM EQUATIONS     =       58791
 NUMBER OF NON-ZERO STIFFNESS TERMS        =     1138191

 ---------------------------------
 BASIC STABILITY CHECK FOR LINEAR LOAD CASES:
    NUMBER OF NEGATIVE STIFFNESS EIGENVALUES SHOULD BE ZERO FOR STABILITY.
    (NOTE: FURTHER CHECKS SHOULD BE CONSIDERED AS DEEMED NECESSARY,
     SUCH AS REVIEWING EIGEN MODES FOR MECHANISMS AND RIGID-BODY MOTION)

    NUMBER OF NEGATIVE EIGENVALUES         =           0,  OK.
 ---------------------------------


 L I N E A R   S T A T I C   C A S E S                                  20:37:17

 USING STIFFNESS AT ZERO (UNSTRESSED) INITIAL CONDITIONS

 TOTAL NUMBER OF CASES TO SOLVE            =           3
 NUMBER OF CASES TO SOLVE PER BLOCK        =           3

 LINEAR STATIC CASES TO BE SOLVED:

 CASE: PP
 CASE: SC
 CASE: ~LLRF


 C E N T E R   O F   R I G I D I T Y  A N A L Y S I S                   20:37:18

 CASE: ~CENTER OF RIGIDITY

 USING STIFFNESS AT ZERO (UNSTRESSED) INITIAL CONDITIONS

 NUMBER OF LOADS                           =          69


 Solving loads:       1 to      69
 NUMBER OF LOADS SAVED                     =          69


 E I G E N   M O D A L   A N A L Y S I S                                20:37:19

 CASE: MODAL

 USING STIFFNESS AT ZERO (UNSTRESSED) INITIAL CONDITIONS

 NUMBER OF STIFFNESS DEGREES OF FREEDOM    =       58791
 NUMBER OF MASS DEGREES OF FREEDOM         =        3348
 MAXIMUM NUMBER OF EIGEN MODES SOUGHT      =          30
 MINIMUM NUMBER OF EIGEN MODES SOUGHT      =           1
 NUMBER OF RESIDUAL-MASS MODES SOUGHT      =           0
 NUMBER OF SUBSPACE VECTORS USED           =          24
 RELATIVE CONVERGENCE TOLERANCE            =    1.00E-09

 FREQUENCY SHIFT  (CENTER) (CYC/TIME)      =     .000000
 FREQUENCY CUTOFF (RADIUS) (CYC/TIME)      =  -INFINITY-
 ALLOW AUTOMATIC FREQUENCY SHIFTING        =         YES


 Original stiffness at shift : EV= 0.0000000E+00, f=     .000000, T=  -INFINITY-
 Number of eigenvalues below shift =      0
 Found mode      1 of     30:  EV= 2.4899903E+01, f=    0.794180, T=    1.259160
 Found mode      2 of     30:  EV= 3.0333024E+01, f=    0.876553, T=    1.140833
 Found mode      3 of     30:  EV= 5.4124635E+01, f=    1.170894, T=    0.854048
 Found mode      4 of     30:  EV= 3.6707805E+02, f=    3.049294, T=    0.327945
 Found mode      5 of     30:  EV= 5.5246257E+02, f=    3.740861, T=    0.267318
 Found mode      6 of     30:  EV= 9.0560650E+02, f=    4.789497, T=    0.208790
 Found mode      7 of     30:  EV= 1.7050658E+03, f=    6.571896, T=    0.152163
 Found mode      8 of     30:  EV= 2.8215057E+03, f=    8.453968, T=    0.118288
 Found mode      9 of     30:  EV= 4.1101729E+03, f=   10.203524, T=    0.098005
 Found mode     10 of     30:  EV= 4.5744190E+03, f=   10.764357, T=    0.092899
 Found mode     11 of     30:  EV= 5.8874512E+03, f=   12.211916, T=    0.081887
 Found mode     12 of     30:  EV= 7.8806425E+03, f=   14.128659, T=    0.070778
 Found mode     13 of     30:  EV= 9.3456069E+03, f=   15.385935, T=    0.064994
 Found mode     14 of     30:  EV= 1.0414516E+04, f=   16.242007, T=    0.061569
 Found mode     15 of     30:  EV= 1.6116141E+04, f=   20.204619, T=    0.049494
 Found mode     16 of     30:  EV= 1.6338402E+04, f=   20.343465, T=    0.049156
 Found mode     17 of     30:  EV= 2.0683378E+04, f=   22.889213, T=    0.043689
 Found mode     18 of     30:  EV= 2.5227436E+04, f=   25.278814, T=    0.039559
 Found mode     19 of     30:  EV= 2.7518895E+04, f=   26.401927, T=    0.037876
 Found mode     20 of     30:  EV= 3.2007435E+04, f=   28.473809, T=    0.035120
 Found mode     21 of     30:  EV= 3.5448936E+04, f=   29.965514, T=    0.033372
 Found mode     22 of     30:  EV= 3.6092769E+04, f=   30.236410, T=    0.033073
 Found mode     23 of     30:  EV= 3.8127469E+04, f=   31.077002, T=    0.032178
 Found mode     24 of     30:  EV= 4.3518078E+04, f=   33.201292, T=    0.030119
 Found mode     25 of     30:  EV= 4.7454789E+04, f=   34.670504, T=    0.028843
 Found mode     26 of     30:  EV= 4.9244644E+04, f=   35.318287, T=    0.028314
 Found mode     27 of     30:  EV= 5.0098883E+04, f=   35.623300, T=    0.028072
 Found mode     28 of     30:  EV= 5.2663671E+04, f=   36.523778, T=    0.027379
 Found mode     29 of     30:  EV= 5.7574522E+04, f=   38.188738, T=    0.026186
 Found mode     30 of     30:  EV= 6.2588166E+04, f=   39.816790, T=    0.025115

 NUMBER OF EIGEN MODES FOUND               =          30
 NUMBER OF ITERATIONS PERFORMED            =          24
 NUMBER OF STIFFNESS SHIFTS                =           0


 R E S P O N S E - S P E C T R U M   A N A L Y S I S                    20:37:42

 CASE: SX

 TYPE OF EXCITATION                        = STANDARD GROUND ACCELERATION

 USING MODES FROM CASE: MODAL
 NUMBER OF DYNAMIC MODES TO BE USED        =          30


 R E S P O N S E - S P E C T R U M   A N A L Y S I S                    20:37:42

 CASE: SY

 TYPE OF EXCITATION                        = STANDARD GROUND ACCELERATION

 USING MODES FROM CASE: MODAL
 NUMBER OF DYNAMIC MODES TO BE USED        =          30


 A N A L Y S I S   C O M P L E T E                          2026/05/07  20:37:42
