\BOOKMARK [1][-]{section.1}{\376\377\000D\000i\000s\000e\000\361\000o\000\040\000d\000e\000\040\000m\000u\000r\000o\000s\000\040\000s\000\355\000s\000m\000i\000c\000o\000s}{}% 1
\BOOKMARK [2][-]{subsection.1.1}{\376\377\000G\000e\000o\000m\000e\000t\000r\000\355\000a\000\040\000y\000\040\000u\000b\000i\000c\000a\000c\000i\000\363\000n}{section.1}% 2
\BOOKMARK [2][-]{subsection.1.2}{\376\377\000M\000a\000t\000e\000r\000i\000a\000l\000e\000s}{section.1}% 3
\BOOKMARK [2][-]{subsection.1.3}{\376\377\000A\000r\000m\000a\000d\000u\000r\000a\000s\000\040\000m\000\355\000n\000i\000m\000a\000s}{section.1}% 4
\BOOKMARK [2][-]{subsection.1.4}{\376\377\000E\000s\000f\000u\000e\000r\000z\000o\000s\000\040\000d\000e\000\040\000d\000i\000s\000e\000\361\000o}{section.1}% 5
\BOOKMARK [2][-]{subsection.1.5}{\376\377\000V\000e\000r\000i\000f\000i\000c\000a\000c\000i\000\363\000n\000\040\000d\000e\000\040\000c\000o\000m\000p\000r\000e\000s\000i\000\363\000n\000\040\000m\000\341\000x\000i\000m\000a}{section.1}% 6
\BOOKMARK [2][-]{subsection.1.6}{\376\377\000V\000e\000r\000i\000f\000i\000c\000a\000c\000i\000\363\000n\000\040\000d\000e\000\040\000e\000s\000b\000e\000l\000t\000e\000z\000\040\000m\000\355\000n\000i\000m\000a}{section.1}% 7
\BOOKMARK [2][-]{subsection.1.7}{\376\377\000V\000e\000r\000i\000f\000i\000c\000a\000c\000i\000\363\000n\000\040\000d\000e\000\040\000c\000o\000r\000t\000e\000\040\000m\000\341\000x\000i\000m\000o\000\040\000a\000d\000m\000i\000s\000i\000b\000l\000e}{section.1}% 8
\BOOKMARK [2][-]{subsection.1.8}{\376\377\000A\000r\000m\000a\000d\000u\000r\000a\000\040\000d\000e\000\040\000c\000o\000r\000t\000e}{section.1}% 9
\BOOKMARK [2][-]{subsection.1.9}{\376\377\000D\000e\000s\000p\000l\000a\000z\000a\000m\000i\000e\000n\000t\000o\000\040\000m\000\341\000x\000i\000m\000o\000\040\000d\000e\000\040\000t\000e\000c\000h\000o\000\040\000y\000\040\000c\000u\000r\000v\000a\000t\000u\000r\000a\000\040\000\372\000l\000t\000i\000m\000a}{section.1}% 10
\BOOKMARK [2][-]{subsection.1.10}{\376\377\000C\000u\000r\000v\000a\000t\000u\000r\000a\000\040\000\372\000l\000t\000i\000m\000a\000\040\000e\000n\000\040\000l\000a\000\040\000s\000e\000c\000c\000i\000\363\000n\000\040\000c\000r\000\355\000t\000i\000c\000a}{section.1}% 11
\BOOKMARK [2][-]{subsection.1.11}{\376\377\000V\000e\000r\000i\000f\000i\000c\000a\000c\000i\000\363\000n\000\040\000d\000e\000\040\000n\000e\000c\000e\000s\000i\000d\000a\000d\000\040\000d\000e\000\040\000c\000o\000n\000f\000i\000n\000a\000m\000i\000e\000n\000t\000o}{section.1}% 12
\BOOKMARK [2][-]{subsection.1.12}{\376\377\000D\000e\000f\000o\000r\000m\000a\000c\000i\000\363\000n\000\040\000m\000\341\000x\000i\000m\000a\000\040\000d\000e\000\040\000c\000o\000m\000p\000r\000e\000s\000i\000\363\000n}{section.1}% 13
\BOOKMARK [1][-]{section.2}{\376\377\000R\000e\000s\000u\000l\000t\000a\000d\000o\000s\000\040\000D\000i\000s\000e\000\361\000o\000\040\000d\000e\000\040\000m\000u\000r\000o\000s\000\040\000s\000\355\000s\000m\000i\000c\000o\000s}{}% 14
\BOOKMARK [2][-]{subsection.2.1}{\376\377\000I\000n\000f\000o\000r\000m\000a\000c\000i\000\363\000n\000\040\000g\000e\000n\000e\000r\000a\000l}{section.2}% 15
\BOOKMARK [1][-]{section.3}{\376\377\000M\000u\000r\000o\000s\000\040\000P\000i\000e\000r\000\040\000C}{}% 16
\BOOKMARK [2][-]{subsection.3.1}{\376\377\000P\000i\000s\000o\000\040\000-\0001}{section.3}% 17
\BOOKMARK [2][-]{subsection.3.2}{\376\377\000P\000i\000s\000o\000\040\0001\000\040\000\050\000S\000e\000c\000c\000i\000\363\000n\000\040\000c\000r\000\355\000t\000i\000c\000a\000\051}{section.3}% 18
\BOOKMARK [2][-]{subsection.3.3}{\376\377\000P\000i\000s\000o\000\040\0002}{section.3}% 19
\BOOKMARK [2][-]{subsection.3.4}{\376\377\000P\000i\000s\000o\000\040\0003}{section.3}% 20
\BOOKMARK [2][-]{subsection.3.5}{\376\377\000P\000i\000s\000o\000\040\0005}{section.3}% 21
\BOOKMARK [2][-]{subsection.3.6}{\376\377\000P\000i\000s\000o\000\040\0008}{section.3}% 22
\BOOKMARK [2][-]{subsection.3.7}{\376\377\000P\000i\000s\000o\000\040\0001\0001}{section.3}% 23
\BOOKMARK [2][-]{subsection.3.8}{\376\377\000P\000i\000s\000o\000\040\0001\0005}{section.3}% 24
\BOOKMARK [2][-]{subsection.3.9}{\376\377\000R\000e\000s\000u\000m\000e\000n\000\040\000M\000u\000r\000o\000\040\000P\000C}{section.3}% 25
\BOOKMARK [1][-]{section.4}{\376\377\000M\000u\000r\000o\000s\000\040\000P\000i\000e\000r\000\040\000J}{}% 26
\BOOKMARK [2][-]{subsection.4.1}{\376\377\000P\000i\000s\000o\000\040\000-\0001\000\040\000\050\000S\000e\000c\000c\000i\000\363\000n\000\040\000c\000r\000\355\000t\000i\000c\000a\000\051}{section.4}% 27
\BOOKMARK [2][-]{subsection.4.2}{\376\377\000P\000i\000s\000o\000\040\0001}{section.4}% 28
\BOOKMARK [2][-]{subsection.4.3}{\376\377\000P\000i\000s\000o\000\040\0002}{section.4}% 29
\BOOKMARK [2][-]{subsection.4.4}{\376\377\000P\000i\000s\000o\000\040\0003}{section.4}% 30
\BOOKMARK [2][-]{subsection.4.5}{\376\377\000P\000i\000s\000o\000\040\0005}{section.4}% 31
\BOOKMARK [2][-]{subsection.4.6}{\376\377\000P\000i\000s\000o\000\040\0008}{section.4}% 32
\BOOKMARK [2][-]{subsection.4.7}{\376\377\000P\000i\000s\000o\000\040\0001\0001}{section.4}% 33
\BOOKMARK [2][-]{subsection.4.8}{\376\377\000P\000i\000s\000o\000\040\0001\0005}{section.4}% 34
\BOOKMARK [2][-]{subsection.4.9}{\376\377\000R\000e\000s\000u\000m\000e\000n\000\040\000M\000u\000r\000o\000\040\000P\000J}{section.4}% 35
\BOOKMARK [1][-]{section.5}{\376\377\000V\000i\000g\000a\000s\000\040\000s\000\355\000s\000m\000i\000c\000a\000s}{}% 36
\BOOKMARK [2][-]{subsection.5.1}{\376\377\000G\000e\000o\000m\000e\000t\000r\000\355\000a\000\040\000y\000\040\000u\000b\000i\000c\000a\000c\000i\000\363\000n}{section.5}% 37
\BOOKMARK [2][-]{subsection.5.2}{\376\377\000M\000a\000t\000e\000r\000i\000a\000l\000e\000s}{section.5}% 38
\BOOKMARK [2][-]{subsection.5.3}{\376\377\000E\000s\000f\000u\000e\000r\000z\000o\000s\000\040\000d\000e\000\040\000d\000i\000s\000e\000\361\000o}{section.5}% 39
\BOOKMARK [2][-]{subsection.5.4}{\376\377\000D\000i\000s\000e\000\361\000o\000\040\000a\000\040\000f\000l\000e\000x\000i\000\363\000n}{section.5}% 40
\BOOKMARK [3][-]{subsubsection.5.4.1}{\376\377\000A\000r\000m\000a\000d\000u\000r\000a\000\040\000m\000\355\000n\000i\000m\000a\000\040\000y\000\040\000m\000\341\000x\000i\000m\000a}{subsection.5.4}% 41
\BOOKMARK [3][-]{subsubsection.5.4.2}{\376\377\000A\000r\000m\000a\000d\000u\000r\000a\000\040\000a\000d\000o\000p\000t\000a\000d\000a\000\040\000y\000\040\000v\000e\000r\000i\000f\000i\000c\000a\000c\000i\000o\000n\000e\000s}{subsection.5.4}% 42
\BOOKMARK [2][-]{subsection.5.5}{\376\377\000D\000i\000s\000e\000\361\000o\000\040\000a\000\040\000c\000o\000r\000t\000e}{section.5}% 43
\BOOKMARK [2][-]{subsection.5.6}{\376\377\000R\000e\000s\000u\000m\000e\000n\000\040\000d\000e\000l\000\040\000d\000i\000s\000e\000\361\000o}{section.5}% 44
